<?xml version="1.0" encoding="UTF-8"?>
<!-- Generated by org.testng.reporters.JUnitReportReporter -->
<testsuite hostname="LAPTOP-MKD438R2" failures="0" tests="2" name="GoogleTest" time="13.182" errors="0" timestamp="2023-12-07T22:47:18 IST" skipped="0">
  <testcase classname="GoogleTest" name="googletitleclick" time="7.642"/>
  <system-out/>
  <testcase classname="GoogleTest" name="googleLogoTest" time="5.540"/>
  <system-out/>
</testsuite> <!-- GoogleTest -->
